c:\code\directxstart\directxstart\x64\debug\vc143.pdb
c:\code\directxstart\directxstart\x64\debug\vc143.idb
c:\code\directxstart\directxstart\x64\debug\timer.obj
c:\code\directxstart\directxstart\x64\debug\textureloader.obj
c:\code\directxstart\directxstart\x64\debug\render.obj
c:\code\directxstart\directxstart\x64\debug\main.obj
c:\code\directxstart\directxstart\x64\debug\gameobject.obj
c:\code\directxstart\directxstart\x64\debug\d3dapp.obj
c:\code\directxstart\directxstart\x64\debug\bufferutils.obj
c:\code\directxstart\directxstart\x64\debug\player.obj
c:\code\directxstart\x64\debug\directxstart.pdb
c:\code\directxstart\directxstart\x64\debug\directxstart.tlog\cl.command.1.tlog
c:\code\directxstart\directxstart\x64\debug\directxstart.tlog\cl.read.1.tlog
c:\code\directxstart\directxstart\x64\debug\directxstart.tlog\cl.write.1.tlog
c:\code\directxstart\directxstart\x64\debug\directxstart.tlog\link-cvtres.read.1.tlog
c:\code\directxstart\directxstart\x64\debug\directxstart.tlog\link-cvtres.write.1.tlog
c:\code\directxstart\directxstart\x64\debug\directxstart.tlog\link-rc.read.1.tlog
c:\code\directxstart\directxstart\x64\debug\directxstart.tlog\link-rc.write.1.tlog
c:\code\directxstart\directxstart\x64\debug\directxstart.tlog\link.command.1.tlog
c:\code\directxstart\directxstart\x64\debug\directxstart.tlog\link.read.1.tlog
c:\code\directxstart\directxstart\x64\debug\directxstart.tlog\link.read.2.tlog
c:\code\directxstart\directxstart\x64\debug\directxstart.tlog\link.read.3.tlog
c:\code\directxstart\directxstart\x64\debug\directxstart.tlog\link.read.4.tlog
c:\code\directxstart\directxstart\x64\debug\directxstart.tlog\link.read.5.tlog
c:\code\directxstart\directxstart\x64\debug\directxstart.tlog\link.write.1.tlog
